<?xml version="1.0" encoding="UTF-8"?>
<!-- Generated by org.testng.reporters.JUnitXMLReporter -->
<testsuite hostname="IN5CG5010BFJ" ignored="0" name="Test" tests="6" failures="0" timestamp="2019-12-10T12:22:40 IST" time="0.114" errors="0">
  <testcase name="BrowerAutomation" time="0.018" classname="com.teja.app.SeleniumTest"/>
  <testcase name="elementUI" time="0.001" classname="com.teja.app.SeleniumTest"/>
  <testcase name="deleteTwitter" time="0.0" classname="com.teja.app.RestApITest"/>
  <testcase name="postJira" time="0.002" classname="com.teja.app.RestApITest"/>
  <testcase name="IOSApps" time="0.001" classname="com.teja.app.AppiumTest"/>
  <testcase name="NativeappAndroid" time="0.0" classname="com.teja.app.AppiumTest"/>
</testsuite> <!-- Test -->
